TN:
SF:src/modules/appointments/services/CreateAppointmentService.ts
FN:16,(anonymous_18)
FN:17,CreateAppointmentService
FN:24,(anonymous_20)
FNF:3
FNH:3
FNDA:1,(anonymous_18)
FNDA:4,CreateAppointmentService
FNDA:5,(anonymous_20)
DA:1,1
DA:2,1
DA:3,1
DA:6,1
DA:16,1
DA:19,4
DA:21,4
DA:24,5
DA:25,5
DA:27,5
DA:28,1
DA:31,4
DA:33,4
DA:34,1
DA:37,3
DA:39,3
DA:43,3
DA:44,1
DA:47,2
DA:52,2
DA:54,1
DA:56,1
LF:22
LH:22
BRDA:27,0,0,1
BRDA:27,0,1,4
BRDA:33,1,0,1
BRDA:33,1,1,3
BRDA:43,2,0,1
BRDA:43,2,1,2
BRF:6
BRH:6
end_of_record
TN:
SF:src/modules/users/services/CreateSessionService.ts
FN:22,(anonymous_18)
FN:23,CreateSessionService
FN:29,(anonymous_20)
FNF:3
FNH:3
FNDA:1,(anonymous_18)
FNDA:3,CreateSessionService
FNDA:3,(anonymous_20)
DA:1,1
DA:2,1
DA:4,1
DA:5,1
DA:22,1
DA:24,3
DA:26,3
DA:29,3
DA:30,3
DA:32,3
DA:33,1
DA:35,2
DA:39,2
DA:40,1
DA:43,1
DA:48,1
DA:50,1
DA:52,1
DA:54,1
LF:19
LH:19
BRDA:30,0,0,3
BRDA:32,1,0,1
BRDA:32,1,1,2
BRDA:39,2,0,1
BRDA:39,2,1,1
BRF:5
BRH:5
end_of_record
TN:
SF:src/modules/users/services/CreateUserService.ts
FN:16,(anonymous_18)
FN:17,CreateUserService
FN:23,(anonymous_20)
FNF:3
FNH:3
FNDA:3,(anonymous_18)
FNDA:6,CreateUserService
FNDA:7,(anonymous_20)
DA:1,3
DA:3,3
DA:16,3
DA:18,6
DA:20,6
DA:23,7
DA:24,7
DA:26,7
DA:27,1
DA:30,6
DA:32,6
DA:38,6
DA:40,3
DA:42,3
LF:14
LH:14
BRDA:24,0,0,7
BRDA:26,1,0,1
BRDA:26,1,1,6
BRF:3
BRH:3
end_of_record
TN:
SF:src/modules/users/services/UpdateUserAvatarService.ts
FN:18,(anonymous_18)
FN:19,UpdateUserAvatarService
FN:24,(anonymous_20)
FNF:3
FNH:3
FNDA:1,(anonymous_18)
FNDA:3,UpdateUserAvatarService
FNDA:4,(anonymous_20)
DA:3,1
DA:8,1
DA:18,1
DA:20,3
DA:21,3
DA:24,1
DA:25,4
DA:26,4
DA:28,4
DA:30,4
DA:31,1
DA:34,3
DA:35,1
DA:38,3
DA:40,3
DA:41,6
DA:43,3
DA:45,3
DA:47,1
DA:49,1
LF:20
LH:20
BRDA:28,0,0,4
BRDA:30,1,0,1
BRDA:30,1,1,3
BRDA:34,2,0,1
BRDA:34,2,1,2
BRF:5
BRH:5
end_of_record
